0:000> pa 769843de
eax=00000000 ebx=00f58000 ecx=01266090 edx=00001012 esi=01245380 edi=012456b8
eip=76984247 esp=0111fa94 ebp=0111faa8 iopl=0         nv up ei pl zr na pe nc
cs=001b  ss=0023  ds=0023  es=0023  fs=003b  gs=0000             efl=00000246
coml2!DfCreateDocfile+0x2:
76984247 55              push    ebp
eax=00000000 ebx=00f58000 ecx=01266090 edx=00001012 esi=01245380 edi=012456b8
eip=76984248 esp=0111fa90 ebp=0111faa8 iopl=0         nv up ei pl zr na pe nc
cs=001b  ss=0023  ds=0023  es=0023  fs=003b  gs=0000             efl=00000246
coml2!DfCreateDocfile+0x3:
76984248 8bec            mov     ebp,esp
eax=00000000 ebx=00f58000 ecx=01266090 edx=00001012 esi=01245380 edi=012456b8
eip=7698424a esp=0111fa90 ebp=0111fa90 iopl=0         nv up ei pl zr na pe nc
cs=001b  ss=0023  ds=0023  es=0023  fs=003b  gs=0000             efl=00000246
coml2!DfCreateDocfile+0x5:
7698424a 83ec1c          sub     esp,1Ch
eax=00000000 ebx=00f58000 ecx=01266090 edx=00001012 esi=01245380 edi=012456b8
eip=7698424d esp=0111fa74 ebp=0111fa90 iopl=0         nv up ei pl nz ac pe nc
cs=001b  ss=0023  ds=0023  es=0023  fs=003b  gs=0000             efl=00000216
coml2!DfCreateDocfile+0x8:
7698424d a1e0709b76      mov     eax,dword ptr [coml2!__security_cookie (769b70e0)] ds:0023:769b70e0=c4dcd60e
eax=c4dcd60e ebx=00f58000 ecx=01266090 edx=00001012 esi=01245380 edi=012456b8
eip=76984252 esp=0111fa74 ebp=0111fa90 iopl=0         nv up ei pl nz ac pe nc
cs=001b  ss=0023  ds=0023  es=0023  fs=003b  gs=0000             efl=00000216
coml2!DfCreateDocfile+0xd:
76984252 33c5            xor     eax,ebp
eax=c5cd2c9e ebx=00f58000 ecx=01266090 edx=00001012 esi=01245380 edi=012456b8
eip=76984254 esp=0111fa74 ebp=0111fa90 iopl=0         nv up ei ng nz na po nc
cs=001b  ss=0023  ds=0023  es=0023  fs=003b  gs=0000             efl=00000282
coml2!DfCreateDocfile+0xf:
76984254 8945fc          mov     dword ptr [ebp-4],eax ss:0023:0111fa8c={ole32!_imp__StgCreateDocfile (774e8094)}
eax=c5cd2c9e ebx=00f58000 ecx=01266090 edx=00001012 esi=01245380 edi=012456b8
eip=76984257 esp=0111fa74 ebp=0111fa90 iopl=0         nv up ei ng nz na po nc
cs=001b  ss=0023  ds=0023  es=0023  fs=003b  gs=0000             efl=00000282
coml2!DfCreateDocfile+0x12:
76984257 53              push    ebx
eax=c5cd2c9e ebx=00f58000 ecx=01266090 edx=00001012 esi=01245380 edi=012456b8
eip=76984258 esp=0111fa70 ebp=0111fa90 iopl=0         nv up ei ng nz na po nc
cs=001b  ss=0023  ds=0023  es=0023  fs=003b  gs=0000             efl=00000282
coml2!DfCreateDocfile+0x13:
76984258 56              push    esi
eax=c5cd2c9e ebx=00f58000 ecx=01266090 edx=00001012 esi=01245380 edi=012456b8
eip=76984259 esp=0111fa6c ebp=0111fa90 iopl=0         nv up ei ng nz na po nc
cs=001b  ss=0023  ds=0023  es=0023  fs=003b  gs=0000             efl=00000282
coml2!DfCreateDocfile+0x14:
76984259 8bc1            mov     eax,ecx
eax=01266090 ebx=00f58000 ecx=01266090 edx=00001012 esi=01245380 edi=012456b8
eip=7698425b esp=0111fa6c ebp=0111fa90 iopl=0         nv up ei ng nz na po nc
cs=001b  ss=0023  ds=0023  es=0023  fs=003b  gs=0000             efl=00000282
coml2!DfCreateDocfile+0x16:
7698425b 33f6            xor     esi,esi
eax=01266090 ebx=00f58000 ecx=01266090 edx=00001012 esi=00000000 edi=012456b8
eip=7698425d esp=0111fa6c ebp=0111fa90 iopl=0         nv up ei pl zr na pe nc
cs=001b  ss=0023  ds=0023  es=0023  fs=003b  gs=0000             efl=00000246
coml2!DfCreateDocfile+0x18:
7698425d 8b4d14          mov     ecx,dword ptr [ebp+14h] ss:0023:0111faa4=0111fae4
eax=01266090 ebx=00f58000 ecx=0111fae4 edx=00001012 esi=00000000 edi=012456b8
eip=76984260 esp=0111fa6c ebp=0111fa90 iopl=0         nv up ei pl zr na pe nc
cs=001b  ss=0023  ds=0023  es=0023  fs=003b  gs=0000             efl=00000246
coml2!DfCreateDocfile+0x1b:
76984260 8bda            mov     ebx,edx
eax=01266090 ebx=00001012 ecx=0111fae4 edx=00001012 esi=00000000 edi=012456b8
eip=76984262 esp=0111fa6c ebp=0111fa90 iopl=0         nv up ei pl zr na pe nc
cs=001b  ss=0023  ds=0023  es=0023  fs=003b  gs=0000             efl=00000246
coml2!DfCreateDocfile+0x1d:
76984262 8945f0          mov     dword ptr [ebp-10h],eax ss:0023:0111fa80={ole32!_DELAY_IMPORT_DESCRIPTOR_api_ms_win_core_com_l2_1_1_dll (774d6394)}
eax=01266090 ebx=00001012 ecx=0111fae4 edx=00001012 esi=00000000 edi=012456b8
eip=76984265 esp=0111fa6c ebp=0111fa90 iopl=0         nv up ei pl zr na pe nc
cs=001b  ss=0023  ds=0023  es=0023  fs=003b  gs=0000             efl=00000246
coml2!DfCreateDocfile+0x20:
76984265 8975ec          mov     dword ptr [ebp-14h],esi ss:0023:0111fa7c={ole32!std::nothrow (77410000)}
eax=01266090 ebx=00001012 ecx=0111fae4 edx=00001012 esi=00000000 edi=012456b8
eip=76984268 esp=0111fa6c ebp=0111fa90 iopl=0         nv up ei pl zr na pe nc
cs=001b  ss=0023  ds=0023  es=0023  fs=003b  gs=0000             efl=00000246
coml2!DfCreateDocfile+0x23:
76984268 8975f8          mov     dword ptr [ebp-8],esi ss:0023:0111fa88={KERNELBASE!DelayLoadFailureHook (754e0050)}
eax=01266090 ebx=00001012 ecx=0111fae4 edx=00001012 esi=00000000 edi=012456b8
eip=7698426b esp=0111fa6c ebp=0111fa90 iopl=0         nv up ei pl zr na pe nc
cs=001b  ss=0023  ds=0023  es=0023  fs=003b  gs=0000             efl=00000246
coml2!DfCreateDocfile+0x26:
7698426b 57              push    edi
eax=01266090 ebx=00001012 ecx=0111fae4 edx=00001012 esi=00000000 edi=012456b8
eip=7698426c esp=0111fa68 ebp=0111fa90 iopl=0         nv up ei pl zr na pe nc
cs=001b  ss=0023  ds=0023  es=0023  fs=003b  gs=0000             efl=00000246
coml2!DfCreateDocfile+0x27:
7698426c 85c9            test    ecx,ecx
eax=01266090 ebx=00001012 ecx=0111fae4 edx=00001012 esi=00000000 edi=012456b8
eip=7698426e esp=0111fa68 ebp=0111fa90 iopl=0         nv up ei pl nz na pe nc
cs=001b  ss=0023  ds=0023  es=0023  fs=003b  gs=0000             efl=00000206
coml2!DfCreateDocfile+0x29:
7698426e 0f84bd490100    je      coml2!DfCreateDocfile+0x149ec (76998c31) [br=0]
eax=01266090 ebx=00001012 ecx=0111fae4 edx=00001012 esi=00000000 edi=012456b8
eip=76984274 esp=0111fa68 ebp=0111fa90 iopl=0         nv up ei pl nz na pe nc
cs=001b  ss=0023  ds=0023  es=0023  fs=003b  gs=0000             efl=00000206
coml2!DfCreateDocfile+0x2f:
76984274 8931            mov     dword ptr [ecx],esi  ds:0023:0111fae4=00000000
eax=01266090 ebx=00001012 ecx=0111fae4 edx=00001012 esi=00000000 edi=012456b8
eip=76984276 esp=0111fa68 ebp=0111fa90 iopl=0         nv up ei pl nz na pe nc
cs=001b  ss=0023  ds=0023  es=0023  fs=003b  gs=0000             efl=00000206
coml2!DfCreateDocfile+0x31:
76984276 85c0            test    eax,eax
eax=01266090 ebx=00001012 ecx=0111fae4 edx=00001012 esi=00000000 edi=012456b8
eip=76984278 esp=0111fa68 ebp=0111fa90 iopl=0         nv up ei pl nz na pe nc
cs=001b  ss=0023  ds=0023  es=0023  fs=003b  gs=0000             efl=00000206
coml2!DfCreateDocfile+0x33:
76984278 741c            je      coml2!DfCreateDocfile+0x51 (76984296)   [br=0]
eax=01266090 ebx=00001012 ecx=0111fae4 edx=00001012 esi=00000000 edi=012456b8
eip=7698427a esp=0111fa68 ebp=0111fa90 iopl=0         nv up ei pl nz na pe nc
cs=001b  ss=0023  ds=0023  es=0023  fs=003b  gs=0000             efl=00000206
coml2!DfCreateDocfile+0x35:
7698427a ba04010000      mov     edx,104h
eax=01266090 ebx=00001012 ecx=0111fae4 edx=00000104 esi=00000000 edi=012456b8
eip=7698427f esp=0111fa68 ebp=0111fa90 iopl=0         nv up ei pl nz na pe nc
cs=001b  ss=0023  ds=0023  es=0023  fs=003b  gs=0000             efl=00000206
coml2!DfCreateDocfile+0x3a:
7698427f 8bc8            mov     ecx,eax
eax=01266090 ebx=00001012 ecx=01266090 edx=00000104 esi=00000000 edi=012456b8
eip=76984281 esp=0111fa68 ebp=0111fa90 iopl=0         nv up ei pl nz na pe nc
cs=001b  ss=0023  ds=0023  es=0023  fs=003b  gs=0000             efl=00000206
coml2!DfCreateDocfile+0x3c:
76984281 e8093ffeff      call    coml2!ValidateNameW (7696818f)
eax=00000000 ebx=00001012 ecx=00000000 edx=000000de esi=00000000 edi=012456b8
eip=76984286 esp=0111fa68 ebp=0111fa90 iopl=0         nv up ei pl zr na pe nc
cs=001b  ss=0023  ds=0023  es=0023  fs=003b  gs=0000             efl=00000246
coml2!DfCreateDocfile+0x41:
76984286 8bf8            mov     edi,eax
eax=00000000 ebx=00001012 ecx=00000000 edx=000000de esi=00000000 edi=00000000
eip=76984288 esp=0111fa68 ebp=0111fa90 iopl=0         nv up ei pl zr na pe nc
cs=001b  ss=0023  ds=0023  es=0023  fs=003b  gs=0000             efl=00000246
coml2!DfCreateDocfile+0x43:
76984288 85ff            test    edi,edi
eax=00000000 ebx=00001012 ecx=00000000 edx=000000de esi=00000000 edi=00000000
eip=7698428a esp=0111fa68 ebp=0111fa90 iopl=0         nv up ei pl zr na pe nc
cs=001b  ss=0023  ds=0023  es=0023  fs=003b  gs=0000             efl=00000246
coml2!DfCreateDocfile+0x45:
7698428a 0f880a010000    js      coml2!DfCreateDocfile+0x155 (7698439a)  [br=0]
eax=00000000 ebx=00001012 ecx=00000000 edx=000000de esi=00000000 edi=00000000
eip=76984290 esp=0111fa68 ebp=0111fa90 iopl=0         nv up ei pl zr na pe nc
cs=001b  ss=0023  ds=0023  es=0023  fs=003b  gs=0000             efl=00000246
coml2!DfCreateDocfile+0x4b:
76984290 8b45f0          mov     eax,dword ptr [ebp-10h] ss:0023:0111fa80=01266090
eax=01266090 ebx=00001012 ecx=00000000 edx=000000de esi=00000000 edi=00000000
eip=76984293 esp=0111fa68 ebp=0111fa90 iopl=0         nv up ei pl zr na pe nc
cs=001b  ss=0023  ds=0023  es=0023  fs=003b  gs=0000             efl=00000246
coml2!DfCreateDocfile+0x4e:
76984293 8b4d14          mov     ecx,dword ptr [ebp+14h] ss:0023:0111faa4=0111fae4
eax=01266090 ebx=00001012 ecx=0111fae4 edx=000000de esi=00000000 edi=00000000
eip=76984296 esp=0111fa68 ebp=0111fa90 iopl=0         nv up ei pl zr na pe nc
cs=001b  ss=0023  ds=0023  es=0023  fs=003b  gs=0000             efl=00000246
coml2!DfCreateDocfile+0x51:
76984296 f7c300000008    test    ebx,8000000h
eax=01266090 ebx=00001012 ecx=0111fae4 edx=000000de esi=00000000 edi=00000000
eip=7698429c esp=0111fa68 ebp=0111fa90 iopl=0         nv up ei pl zr na pe nc
cs=001b  ss=0023  ds=0023  es=0023  fs=003b  gs=0000             efl=00000246
coml2!DfCreateDocfile+0x57:
7698429c 0f8599490100    jne     coml2!DfCreateDocfile+0x149f6 (76998c3b) [br=0]
eax=01266090 ebx=00001012 ecx=0111fae4 edx=000000de esi=00000000 edi=00000000
eip=769842a2 esp=0111fa68 ebp=0111fa90 iopl=0         nv up ei pl zr na pe nc
cs=001b  ss=0023  ds=0023  es=0023  fs=003b  gs=0000             efl=00000246
coml2!DfCreateDocfile+0x5d:
769842a2 33d2            xor     edx,edx
eax=01266090 ebx=00001012 ecx=0111fae4 edx=00000000 esi=00000000 edi=00000000
eip=769842a4 esp=0111fa68 ebp=0111fa90 iopl=0         nv up ei pl zr na pe nc
cs=001b  ss=0023  ds=0023  es=0023  fs=003b  gs=0000             efl=00000246
coml2!DfCreateDocfile+0x5f:
769842a4 8bcb            mov     ecx,ebx
eax=01266090 ebx=00001012 ecx=00001012 edx=00000000 esi=00000000 edi=00000000
eip=769842a6 esp=0111fa68 ebp=0111fa90 iopl=0         nv up ei pl zr na pe nc
cs=001b  ss=0023  ds=0023  es=0023  fs=003b  gs=0000             efl=00000246
coml2!DfCreateDocfile+0x61:
769842a6 42              inc     edx
eax=01266090 ebx=00001012 ecx=00001012 edx=00000001 esi=00000000 edi=00000000
eip=769842a7 esp=0111fa68 ebp=0111fa90 iopl=0         nv up ei pl nz na po nc
cs=001b  ss=0023  ds=0023  es=0023  fs=003b  gs=0000             efl=00000202
coml2!DfCreateDocfile+0x62:
769842a7 e82469feff      call    coml2!VerifyPerms (7696abd0)
eax=00000000 ebx=00001012 ecx=00001012 edx=00000001 esi=00000000 edi=00000000
eip=769842ac esp=0111fa68 ebp=0111fa90 iopl=0         nv up ei pl zr na pe nc
cs=001b  ss=0023  ds=0023  es=0023  fs=003b  gs=0000             efl=00000246
coml2!DfCreateDocfile+0x67:
769842ac 8bf8            mov     edi,eax
eax=00000000 ebx=00001012 ecx=00001012 edx=00000001 esi=00000000 edi=00000000
eip=769842ae esp=0111fa68 ebp=0111fa90 iopl=0         nv up ei pl zr na pe nc
cs=001b  ss=0023  ds=0023  es=0023  fs=003b  gs=0000             efl=00000246
coml2!DfCreateDocfile+0x69:
769842ae 85ff            test    edi,edi
eax=00000000 ebx=00001012 ecx=00001012 edx=00000001 esi=00000000 edi=00000000
eip=769842b0 esp=0111fa68 ebp=0111fa90 iopl=0         nv up ei pl zr na pe nc
cs=001b  ss=0023  ds=0023  es=0023  fs=003b  gs=0000             efl=00000246
coml2!DfCreateDocfile+0x6b:
769842b0 0f88e4000000    js      coml2!DfCreateDocfile+0x155 (7698439a)  [br=0]
eax=00000000 ebx=00001012 ecx=00001012 edx=00000001 esi=00000000 edi=00000000
eip=769842b6 esp=0111fa68 ebp=0111fa90 iopl=0         nv up ei pl zr na pe nc
cs=001b  ss=0023  ds=0023  es=0023  fs=003b  gs=0000             efl=00000246
coml2!DfCreateDocfile+0x71:
769842b6 b900000204      mov     ecx,4020000h
eax=00000000 ebx=00001012 ecx=04020000 edx=00000001 esi=00000000 edi=00000000
eip=769842bb esp=0111fa68 ebp=0111fa90 iopl=0         nv up ei pl zr na pe nc
cs=001b  ss=0023  ds=0023  es=0023  fs=003b  gs=0000             efl=00000246
coml2!DfCreateDocfile+0x76:
769842bb 8bc3            mov     eax,ebx
eax=00001012 ebx=00001012 ecx=04020000 edx=00000001 esi=00000000 edi=00000000
eip=769842bd esp=0111fa68 ebp=0111fa90 iopl=0         nv up ei pl zr na pe nc
cs=001b  ss=0023  ds=0023  es=0023  fs=003b  gs=0000             efl=00000246
coml2!DfCreateDocfile+0x78:
769842bd 23c1            and     eax,ecx
eax=00000000 ebx=00001012 ecx=04020000 edx=00000001 esi=00000000 edi=00000000
eip=769842bf esp=0111fa68 ebp=0111fa90 iopl=0         nv up ei pl zr na pe nc
cs=001b  ss=0023  ds=0023  es=0023  fs=003b  gs=0000             efl=00000246
coml2!DfCreateDocfile+0x7a:
769842bf 3bc1            cmp     eax,ecx
eax=00000000 ebx=00001012 ecx=04020000 edx=00000001 esi=00000000 edi=00000000
eip=769842c1 esp=0111fa68 ebp=0111fa90 iopl=0         nv up ei ng nz na pe cy
cs=001b  ss=0023  ds=0023  es=0023  fs=003b  gs=0000             efl=00000287
coml2!DfCreateDocfile+0x7c:
769842c1 0f95c1          setne   cl
eax=00000000 ebx=00001012 ecx=04020001 edx=00000001 esi=00000000 edi=00000000
eip=769842c4 esp=0111fa68 ebp=0111fa90 iopl=0         nv up ei ng nz na pe cy
cs=001b  ss=0023  ds=0023  es=0023  fs=003b  gs=0000             efl=00000287
coml2!DfCreateDocfile+0x7f:
769842c4 f6c303          test    bl,3
eax=00000000 ebx=00001012 ecx=04020001 edx=00000001 esi=00000000 edi=00000000
eip=769842c7 esp=0111fa68 ebp=0111fa90 iopl=0         nv up ei pl nz na po nc
cs=001b  ss=0023  ds=0023  es=0023  fs=003b  gs=0000             efl=00000202
coml2!DfCreateDocfile+0x82:
769842c7 0f95c0          setne   al
eax=00000001 ebx=00001012 ecx=04020001 edx=00000001 esi=00000000 edi=00000000
eip=769842ca esp=0111fa68 ebp=0111fa90 iopl=0         nv up ei pl nz na po nc
cs=001b  ss=0023  ds=0023  es=0023  fs=003b  gs=0000             efl=00000202
coml2!DfCreateDocfile+0x85:
769842ca 84c8            test    al,cl
eax=00000001 ebx=00001012 ecx=04020001 edx=00000001 esi=00000000 edi=00000000
eip=769842cc esp=0111fa68 ebp=0111fa90 iopl=0         nv up ei pl nz na po nc
cs=001b  ss=0023  ds=0023  es=0023  fs=003b  gs=0000             efl=00000202
coml2!DfCreateDocfile+0x87:
769842cc 0f841f4a0100    je      coml2!DfCreateDocfile+0x14aac (76998cf1) [br=0]
eax=00000001 ebx=00001012 ecx=04020001 edx=00000001 esi=00000000 edi=00000000
eip=769842d2 esp=0111fa68 ebp=0111fa90 iopl=0         nv up ei pl nz na po nc
cs=001b  ss=0023  ds=0023  es=0023  fs=003b  gs=0000             efl=00000202
coml2!DfCreateDocfile+0x8d:
769842d2 8bcb            mov     ecx,ebx
eax=00000001 ebx=00001012 ecx=00001012 edx=00000001 esi=00000000 edi=00000000
eip=769842d4 esp=0111fa68 ebp=0111fa90 iopl=0         nv up ei pl nz na po nc
cs=001b  ss=0023  ds=0023  es=0023  fs=003b  gs=0000             efl=00000202
coml2!DfCreateDocfile+0x8f:
769842d4 e81963feff      call    coml2!ModeToDFlags (7696a5f2)
eax=000003c0 ebx=00001012 ecx=00001012 edx=000003c0 esi=00000000 edi=00000000
eip=769842d9 esp=0111fa68 ebp=0111fa90 iopl=0         nv up ei pl zr na pe nc
cs=001b  ss=0023  ds=0023  es=0023  fs=003b  gs=0000             efl=00000246
coml2!DfCreateDocfile+0x94:
769842d9 8bd0            mov     edx,eax
eax=000003c0 ebx=00001012 ecx=00001012 edx=000003c0 esi=00000000 edi=00000000
eip=769842db esp=0111fa68 ebp=0111fa90 iopl=0         nv up ei pl zr na pe nc
cs=001b  ss=0023  ds=0023  es=0023  fs=003b  gs=0000             efl=00000246
coml2!DfCreateDocfile+0x96:
769842db 8945f4          mov     dword ptr [ebp-0Ch],eax ss:0023:0111fa84=00000000
eax=000003c0 ebx=00001012 ecx=00001012 edx=000003c0 esi=00000000 edi=00000000
eip=769842de esp=0111fa68 ebp=0111fa90 iopl=0         nv up ei pl zr na pe nc
cs=001b  ss=0023  ds=0023  es=0023  fs=003b  gs=0000             efl=00000246
coml2!DfCreateDocfile+0x99:
769842de b800000300      mov     eax,30000h
eax=00030000 ebx=00001012 ecx=00001012 edx=000003c0 esi=00000000 edi=00000000
eip=769842e3 esp=0111fa68 ebp=0111fa90 iopl=0         nv up ei pl zr na pe nc
cs=001b  ss=0023  ds=0023  es=0023  fs=003b  gs=0000             efl=00000246
coml2!DfCreateDocfile+0x9e:
769842e3 23c8            and     ecx,eax
eax=00030000 ebx=00001012 ecx=00000000 edx=000003c0 esi=00000000 edi=00000000
eip=769842e5 esp=0111fa68 ebp=0111fa90 iopl=0         nv up ei pl zr na pe nc
cs=001b  ss=0023  ds=0023  es=0023  fs=003b  gs=0000             efl=00000246
coml2!DfCreateDocfile+0xa0:
769842e5 3bc8            cmp     ecx,eax
eax=00030000 ebx=00001012 ecx=00000000 edx=000003c0 esi=00000000 edi=00000000
eip=769842e7 esp=0111fa68 ebp=0111fa90 iopl=0         nv up ei ng nz na pe cy
cs=001b  ss=0023  ds=0023  es=0023  fs=003b  gs=0000             efl=00000287
coml2!DfCreateDocfile+0xa2:
769842e7 0f847e490100    je      coml2!DfCreateDocfile+0x14a26 (76998c6b) [br=0]
eax=00030000 ebx=00001012 ecx=00000000 edx=000003c0 esi=00000000 edi=00000000
eip=769842ed esp=0111fa68 ebp=0111fa90 iopl=0         nv up ei ng nz na pe cy
cs=001b  ss=0023  ds=0023  es=0023  fs=003b  gs=0000             efl=00000287
coml2!DfCreateDocfile+0xa8:
769842ed 8b450c          mov     eax,dword ptr [ebp+0Ch] ss:0023:0111fa9c=00000000
eax=00000000 ebx=00001012 ecx=00000000 edx=000003c0 esi=00000000 edi=00000000
eip=769842f0 esp=0111fa68 ebp=0111fa90 iopl=0         nv up ei ng nz na pe cy
cs=001b  ss=0023  ds=0023  es=0023  fs=003b  gs=0000             efl=00000287
coml2!DfCreateDocfile+0xab:
769842f0 b900020000      mov     ecx,200h
eax=00000000 ebx=00001012 ecx=00000200 edx=000003c0 esi=00000000 edi=00000000
eip=769842f5 esp=0111fa68 ebp=0111fa90 iopl=0         nv up ei ng nz na pe cy
cs=001b  ss=0023  ds=0023  es=0023  fs=003b  gs=0000             efl=00000287
coml2!DfCreateDocfile+0xb0:
769842f5 bf00100000      mov     edi,1000h
eax=00000000 ebx=00001012 ecx=00000200 edx=000003c0 esi=00000000 edi=00001000
eip=769842fa esp=0111fa68 ebp=0111fa90 iopl=0         nv up ei ng nz na pe cy
cs=001b  ss=0023  ds=0023  es=0023  fs=003b  gs=0000             efl=00000287
coml2!DfCreateDocfile+0xb5:
769842fa 3bc1            cmp     eax,ecx
eax=00000000 ebx=00001012 ecx=00000200 edx=000003c0 esi=00000000 edi=00001000
eip=769842fc esp=0111fa68 ebp=0111fa90 iopl=0         nv up ei ng nz na pe cy
cs=001b  ss=0023  ds=0023  es=0023  fs=003b  gs=0000             efl=00000287
coml2!DfCreateDocfile+0xb7:
769842fc 0f87ad000000    ja      coml2!DfCreateDocfile+0x16a (769843af)  [br=0]
eax=00000000 ebx=00001012 ecx=00000200 edx=000003c0 esi=00000000 edi=00001000
eip=76984302 esp=0111fa68 ebp=0111fa90 iopl=0         nv up ei ng nz na pe cy
cs=001b  ss=0023  ds=0023  es=0023  fs=003b  gs=0000             efl=00000287
coml2!DfCreateDocfile+0xbd:
76984302 85c0            test    eax,eax
eax=00000000 ebx=00001012 ecx=00000200 edx=000003c0 esi=00000000 edi=00001000
eip=76984304 esp=0111fa68 ebp=0111fa90 iopl=0         nv up ei pl zr na pe nc
cs=001b  ss=0023  ds=0023  es=0023  fs=003b  gs=0000             efl=00000246
coml2!DfCreateDocfile+0xbf:
76984304 7408            je      coml2!DfCreateDocfile+0xc9 (7698430e)   [br=1]
eax=00000000 ebx=00001012 ecx=00000200 edx=000003c0 esi=00000000 edi=00001000
eip=7698430e esp=0111fa68 ebp=0111fa90 iopl=0         nv up ei pl zr na pe nc
cs=001b  ss=0023  ds=0023  es=0023  fs=003b  gs=0000             efl=00000246
coml2!DfCreateDocfile+0xc9:
7698430e 8bc3            mov     eax,ebx
eax=00001012 ebx=00001012 ecx=00000200 edx=000003c0 esi=00000000 edi=00001000
eip=76984310 esp=0111fa68 ebp=0111fa90 iopl=0         nv up ei pl zr na pe nc
cs=001b  ss=0023  ds=0023  es=0023  fs=003b  gs=0000             efl=00000246
coml2!DfCreateDocfile+0xcb:
76984310 23c7            and     eax,edi
eax=00001000 ebx=00001012 ecx=00000200 edx=000003c0 esi=00000000 edi=00001000
eip=76984312 esp=0111fa68 ebp=0111fa90 iopl=0         nv up ei pl nz na pe nc
cs=001b  ss=0023  ds=0023  es=0023  fs=003b  gs=0000             efl=00000206
coml2!DfCreateDocfile+0xcd:
76984312 8945e4          mov     dword ptr [ebp-1Ch],eax ss:0023:0111fa74=77da62d6
eax=00001000 ebx=00001012 ecx=00000200 edx=000003c0 esi=00000000 edi=00001000
eip=76984315 esp=0111fa68 ebp=0111fa90 iopl=0         nv up ei pl nz na pe nc
cs=001b  ss=0023  ds=0023  es=0023  fs=003b  gs=0000             efl=00000206
coml2!DfCreateDocfile+0xd0:
76984315 0f85b1000000    jne     coml2!DfCreateDocfile+0x187 (769843cc)  [br=1]
eax=00001000 ebx=00001012 ecx=00000200 edx=000003c0 esi=00000000 edi=00001000
eip=769843cc esp=0111fa68 ebp=0111fa90 iopl=0         nv up ei pl nz na pe nc
cs=001b  ss=0023  ds=0023  es=0023  fs=003b  gs=0000             efl=00000206
coml2!DfCreateDocfile+0x187:
769843cc f7451000400000  test    dword ptr [ebp+10h],4000h ss:0023:0111faa0=00000000
eax=00001000 ebx=00001012 ecx=00000200 edx=000003c0 esi=00000000 edi=00001000
eip=769843d3 esp=0111fa68 ebp=0111fa90 iopl=0         nv up ei pl zr na pe nc
cs=001b  ss=0023  ds=0023  es=0023  fs=003b  gs=0000             efl=00000246
coml2!DfCreateDocfile+0x18e:
769843d3 0f8542ffffff    jne     coml2!DfCreateDocfile+0xd6 (7698431b)   [br=0]
eax=00001000 ebx=00001012 ecx=00000200 edx=000003c0 esi=00000000 edi=00001000
eip=769843d9 esp=0111fa68 ebp=0111fa90 iopl=0         nv up ei pl zr na pe nc
cs=001b  ss=0023  ds=0023  es=0023  fs=003b  gs=0000             efl=00000246
coml2!DfCreateDocfile+0x194:
769843d9 8b7df0          mov     edi,dword ptr [ebp-10h] ss:0023:0111fa80=01266090
eax=00001000 ebx=00001012 ecx=00000200 edx=000003c0 esi=00000000 edi=01266090
eip=769843dc esp=0111fa68 ebp=0111fa90 iopl=0         nv up ei pl zr na pe nc
cs=001b  ss=0023  ds=0023  es=0023  fs=003b  gs=0000             efl=00000246
coml2!DfCreateDocfile+0x197:
769843dc 8bcf            mov     ecx,edi
eax=00001000 ebx=00001012 ecx=01266090 edx=000003c0 esi=00000000 edi=01266090
eip=769843de esp=0111fa68 ebp=0111fa90 iopl=0         nv up ei pl zr na pe nc
cs=001b  ss=0023  ds=0023  es=0023  fs=003b  gs=0000             efl=00000246
coml2!DfCreateDocfile+0x199:
769843de e846f7ffff      call    coml2!CNtfsStorage::IsNffAppropriate (76983b29)
0:000> dc 01266090 
01266090  0032007b 00330034 00410037 00320045  {.2.4.3.7.A.E.2.
012660a0  002d0046 00360041 00430036 0034002d  F.-.A.6.6.C.-.4.
012660b0  00340039 002d0030 00330039 00370032  9.4.0.-.9.3.2.7.
012660c0  0038002d 00340035 00460035 00370038  -.8.5.4.5.F.8.7.
012660d0  00330041 00350034 007d0031 abab0000  A.3.4.5.1.}.....
012660e0  abababab feeeabab 00000000 00000000  ................
012660f0  95b1d8f1 2400076f 003a0043 0057005c  ....o..$C.:.\.W.
01266100  006e0069 006f0064 00730077 0053005c  i.n.d.o.w.s.\.S.
0:000> t
eax=00001000 ebx=00001012 ecx=01266090 edx=000003c0 esi=00000000 edi=01266090
eip=76983b29 esp=0111fa64 ebp=0111fa90 iopl=0         nv up ei pl zr na pe nc
cs=001b  ss=0023  ds=0023  es=0023  fs=003b  gs=0000             efl=00000246
coml2!CNtfsStorage::IsNffAppropriate:
76983b29 8bff            mov     edi,edi
0:000> pa @$ra
eax=00001000 ebx=00001012 ecx=01266090 edx=000003c0 esi=00000000 edi=01266090
eip=76983b2b esp=0111fa64 ebp=0111fa90 iopl=0         nv up ei pl zr na pe nc
cs=001b  ss=0023  ds=0023  es=0023  fs=003b  gs=0000             efl=00000246
coml2!CNtfsStorage::IsNffAppropriate+0x2:
76983b2b 55              push    ebp
eax=00001000 ebx=00001012 ecx=01266090 edx=000003c0 esi=00000000 edi=01266090
eip=76983b2c esp=0111fa60 ebp=0111fa90 iopl=0         nv up ei pl zr na pe nc
cs=001b  ss=0023  ds=0023  es=0023  fs=003b  gs=0000             efl=00000246
coml2!CNtfsStorage::IsNffAppropriate+0x3:
76983b2c 8bec            mov     ebp,esp
eax=00001000 ebx=00001012 ecx=01266090 edx=000003c0 esi=00000000 edi=01266090
eip=76983b2e esp=0111fa60 ebp=0111fa60 iopl=0         nv up ei pl zr na pe nc
cs=001b  ss=0023  ds=0023  es=0023  fs=003b  gs=0000             efl=00000246
coml2!CNtfsStorage::IsNffAppropriate+0x5:
76983b2e 83ec0c          sub     esp,0Ch
eax=00001000 ebx=00001012 ecx=01266090 edx=000003c0 esi=00000000 edi=01266090
eip=76983b31 esp=0111fa54 ebp=0111fa60 iopl=0         nv up ei pl nz ac po nc
cs=001b  ss=0023  ds=0023  es=0023  fs=003b  gs=0000             efl=00000212
coml2!CNtfsStorage::IsNffAppropriate+0x8:
76983b31 834dfcff        or      dword ptr [ebp-4],0FFFFFFFFh ss:0023:0111fa5c=00000000
eax=00001000 ebx=00001012 ecx=01266090 edx=000003c0 esi=00000000 edi=01266090
eip=76983b35 esp=0111fa54 ebp=0111fa60 iopl=0         nv up ei ng nz na pe nc
cs=001b  ss=0023  ds=0023  es=0023  fs=003b  gs=0000             efl=00000286
coml2!CNtfsStorage::IsNffAppropriate+0xc:
76983b35 56              push    esi
eax=00001000 ebx=00001012 ecx=01266090 edx=000003c0 esi=00000000 edi=01266090
eip=76983b36 esp=0111fa50 ebp=0111fa60 iopl=0         nv up ei ng nz na pe nc
cs=001b  ss=0023  ds=0023  es=0023  fs=003b  gs=0000             efl=00000286
coml2!CNtfsStorage::IsNffAppropriate+0xd:
76983b36 85c9            test    ecx,ecx
eax=00001000 ebx=00001012 ecx=01266090 edx=000003c0 esi=00000000 edi=01266090
eip=76983b38 esp=0111fa50 ebp=0111fa60 iopl=0         nv up ei pl nz na pe nc
cs=001b  ss=0023  ds=0023  es=0023  fs=003b  gs=0000             efl=00000206
coml2!CNtfsStorage::IsNffAppropriate+0xf:
76983b38 745f            je      coml2!CNtfsStorage::IsNffAppropriate+0x70 (76983b99) [br=0]
eax=00001000 ebx=00001012 ecx=01266090 edx=000003c0 esi=00000000 edi=01266090
eip=76983b3a esp=0111fa50 ebp=0111fa60 iopl=0         nv up ei pl nz na pe nc
cs=001b  ss=0023  ds=0023  es=0023  fs=003b  gs=0000             efl=00000206
coml2!CNtfsStorage::IsNffAppropriate+0x11:
76983b3a 33f6            xor     esi,esi
eax=00001000 ebx=00001012 ecx=01266090 edx=000003c0 esi=00000000 edi=01266090
eip=76983b3c esp=0111fa50 ebp=0111fa60 iopl=0         nv up ei pl zr na pe nc
cs=001b  ss=0023  ds=0023  es=0023  fs=003b  gs=0000             efl=00000246
coml2!CNtfsStorage::IsNffAppropriate+0x13:
76983b3c 8d45f4          lea     eax,[ebp-0Ch]
eax=0111fa54 ebx=00001012 ecx=01266090 edx=000003c0 esi=00000000 edi=01266090
eip=76983b3f esp=0111fa50 ebp=0111fa60 iopl=0         nv up ei pl zr na pe nc
cs=001b  ss=0023  ds=0023  es=0023  fs=003b  gs=0000             efl=00000246
coml2!CNtfsStorage::IsNffAppropriate+0x16:
76983b3f 56              push    esi
eax=0111fa54 ebx=00001012 ecx=01266090 edx=000003c0 esi=00000000 edi=01266090
eip=76983b40 esp=0111fa4c ebp=0111fa60 iopl=0         nv up ei pl zr na pe nc
cs=001b  ss=0023  ds=0023  es=0023  fs=003b  gs=0000             efl=00000246
coml2!CNtfsStorage::IsNffAppropriate+0x17:
76983b40 56              push    esi
eax=0111fa54 ebx=00001012 ecx=01266090 edx=000003c0 esi=00000000 edi=01266090
eip=76983b41 esp=0111fa48 ebp=0111fa60 iopl=0         nv up ei pl zr na pe nc
cs=001b  ss=0023  ds=0023  es=0023  fs=003b  gs=0000             efl=00000246
coml2!CNtfsStorage::IsNffAppropriate+0x18:
76983b41 50              push    eax
eax=0111fa54 ebx=00001012 ecx=01266090 edx=000003c0 esi=00000000 edi=01266090
eip=76983b42 esp=0111fa44 ebp=0111fa60 iopl=0         nv up ei pl zr na pe nc
cs=001b  ss=0023  ds=0023  es=0023  fs=003b  gs=0000             efl=00000246
coml2!CNtfsStorage::IsNffAppropriate+0x19:
76983b42 51              push    ecx
eax=0111fa54 ebx=00001012 ecx=01266090 edx=000003c0 esi=00000000 edi=01266090
eip=76983b43 esp=0111fa40 ebp=0111fa60 iopl=0         nv up ei pl zr na pe nc
cs=001b  ss=0023  ds=0023  es=0023  fs=003b  gs=0000             efl=00000246
coml2!CNtfsStorage::IsNffAppropriate+0x1a:
76983b43 ff1554839b76    call    dword ptr [coml2!_imp__RtlDosPathNameToNtPathName_U (769b8354)] ds:0023:769b8354={ntdll!RtlDosPathNameToNtPathName_U (77d98690)}
eax=00000001 ebx=00001012 ecx=00051129 edx=00000000 esi=00000000 edi=01266090
eip=76983b49 esp=0111fa50 ebp=0111fa60 iopl=0         nv up ei pl zr na pe nc
cs=001b  ss=0023  ds=0023  es=0023  fs=003b  gs=0000             efl=00000246
coml2!CNtfsStorage::IsNffAppropriate+0x20:
76983b49 84c0            test    al,al
eax=00000001 ebx=00001012 ecx=00051129 edx=00000000 esi=00000000 edi=01266090
eip=76983b4b esp=0111fa50 ebp=0111fa60 iopl=0         nv up ei pl nz na po nc
cs=001b  ss=0023  ds=0023  es=0023  fs=003b  gs=0000             efl=00000202
coml2!CNtfsStorage::IsNffAppropriate+0x22:
76983b4b 744c            je      coml2!CNtfsStorage::IsNffAppropriate+0x70 (76983b99) [br=0]
eax=00000001 ebx=00001012 ecx=00051129 edx=00000000 esi=00000000 edi=01266090
eip=76983b4d esp=0111fa50 ebp=0111fa60 iopl=0         nv up ei pl nz na po nc
cs=001b  ss=0023  ds=0023  es=0023  fs=003b  gs=0000             efl=00000202
coml2!CNtfsStorage::IsNffAppropriate+0x24:
76983b4d 53              push    ebx
eax=00000001 ebx=00001012 ecx=00051129 edx=00000000 esi=00000000 edi=01266090
eip=76983b4e esp=0111fa4c ebp=0111fa60 iopl=0         nv up ei pl nz na po nc
cs=001b  ss=0023  ds=0023  es=0023  fs=003b  gs=0000             efl=00000202
coml2!CNtfsStorage::IsNffAppropriate+0x25:
76983b4e 8b5df8          mov     ebx,dword ptr [ebp-8] ss:0023:0111fa58=0126dbc8
eax=00000001 ebx=0126dbc8 ecx=00051129 edx=00000000 esi=00000000 edi=01266090
eip=76983b51 esp=0111fa4c ebp=0111fa60 iopl=0         nv up ei pl nz na po nc
cs=001b  ss=0023  ds=0023  es=0023  fs=003b  gs=0000             efl=00000202
coml2!CNtfsStorage::IsNffAppropriate+0x28:
76983b51 8d45fc          lea     eax,[ebp-4]
eax=0111fa5c ebx=0126dbc8 ecx=00051129 edx=00000000 esi=00000000 edi=01266090
eip=76983b54 esp=0111fa4c ebp=0111fa60 iopl=0         nv up ei pl nz na po nc
cs=001b  ss=0023  ds=0023  es=0023  fs=003b  gs=0000             efl=00000202
coml2!CNtfsStorage::IsNffAppropriate+0x2b:
76983b54 57              push    edi
eax=0111fa5c ebx=0126dbc8 ecx=00051129 edx=00000000 esi=00000000 edi=01266090
eip=76983b55 esp=0111fa48 ebp=0111fa60 iopl=0         nv up ei pl nz na po nc
cs=001b  ss=0023  ds=0023  es=0023  fs=003b  gs=0000             efl=00000202
coml2!CNtfsStorage::IsNffAppropriate+0x2c:
76983b55 50              push    eax
eax=0111fa5c ebx=0126dbc8 ecx=00051129 edx=00000000 esi=00000000 edi=01266090
eip=76983b56 esp=0111fa44 ebp=0111fa60 iopl=0         nv up ei pl nz na po nc
cs=001b  ss=0023  ds=0023  es=0023  fs=003b  gs=0000             efl=00000202
coml2!CNtfsStorage::IsNffAppropriate+0x2d:
76983b56 56              push    esi
eax=0111fa5c ebx=0126dbc8 ecx=00051129 edx=00000000 esi=00000000 edi=01266090
eip=76983b57 esp=0111fa40 ebp=0111fa60 iopl=0         nv up ei pl nz na po nc
cs=001b  ss=0023  ds=0023  es=0023  fs=003b  gs=0000             efl=00000202
coml2!CNtfsStorage::IsNffAppropriate+0x2e:
76983b57 56              push    esi
eax=0111fa5c ebx=0126dbc8 ecx=00051129 edx=00000000 esi=00000000 edi=01266090
eip=76983b58 esp=0111fa3c ebp=0111fa60 iopl=0         nv up ei pl nz na po nc
cs=001b  ss=0023  ds=0023  es=0023  fs=003b  gs=0000             efl=00000202
coml2!CNtfsStorage::IsNffAppropriate+0x2f:
76983b58 6a40            push    40h
eax=0111fa5c ebx=0126dbc8 ecx=00051129 edx=00000000 esi=00000000 edi=01266090
eip=76983b5a esp=0111fa38 ebp=0111fa60 iopl=0         nv up ei pl nz na po nc
cs=001b  ss=0023  ds=0023  es=0023  fs=003b  gs=0000             efl=00000202
coml2!CNtfsStorage::IsNffAppropriate+0x31:
76983b5a 56              push    esi
eax=0111fa5c ebx=0126dbc8 ecx=00051129 edx=00000000 esi=00000000 edi=01266090
eip=76983b5b esp=0111fa34 ebp=0111fa60 iopl=0         nv up ei pl nz na po nc
cs=001b  ss=0023  ds=0023  es=0023  fs=003b  gs=0000             efl=00000202
coml2!CNtfsStorage::IsNffAppropriate+0x32:
76983b5b 33d2            xor     edx,edx
eax=0111fa5c ebx=0126dbc8 ecx=00051129 edx=00000000 esi=00000000 edi=01266090
eip=76983b5d esp=0111fa34 ebp=0111fa60 iopl=0         nv up ei pl zr na pe nc
cs=001b  ss=0023  ds=0023  es=0023  fs=003b  gs=0000             efl=00000246
coml2!CNtfsStorage::IsNffAppropriate+0x34:
76983b5d 8d4df4          lea     ecx,[ebp-0Ch]
eax=0111fa5c ebx=0126dbc8 ecx=0111fa54 edx=00000000 esi=00000000 edi=01266090
eip=76983b60 esp=0111fa34 ebp=0111fa60 iopl=0         nv up ei pl zr na pe nc
cs=001b  ss=0023  ds=0023  es=0023  fs=003b  gs=0000             efl=00000246
coml2!CNtfsStorage::IsNffAppropriate+0x37:
76983b60 e844000000      call    coml2!CNtfsStorage::OpenNtFileHandle (76983ba9)
eax=80030002 ebx=0126dbc8 ecx=c0000034 edx=77defcd0 esi=00000000 edi=01266090
eip=76983b65 esp=0111fa48 ebp=0111fa60 iopl=0         nv up ei ng nz ac pe cy
cs=001b  ss=0023  ds=0023  es=0023  fs=003b  gs=0000             efl=00000297
coml2!CNtfsStorage::IsNffAppropriate+0x3c:
76983b65 8b7dfc          mov     edi,dword ptr [ebp-4] ss:0023:0111fa5c=ffffffff
eax=80030002 ebx=0126dbc8 ecx=c0000034 edx=77defcd0 esi=00000000 edi=ffffffff
eip=76983b68 esp=0111fa48 ebp=0111fa60 iopl=0         nv up ei ng nz ac pe cy
cs=001b  ss=0023  ds=0023  es=0023  fs=003b  gs=0000             efl=00000297
coml2!CNtfsStorage::IsNffAppropriate+0x3f:
76983b68 8bf0            mov     esi,eax
eax=80030002 ebx=0126dbc8 ecx=c0000034 edx=77defcd0 esi=80030002 edi=ffffffff
eip=76983b6a esp=0111fa48 ebp=0111fa60 iopl=0         nv up ei ng nz ac pe cy
cs=001b  ss=0023  ds=0023  es=0023  fs=003b  gs=0000             efl=00000297
coml2!CNtfsStorage::IsNffAppropriate+0x41:
76983b6a 85f6            test    esi,esi
eax=80030002 ebx=0126dbc8 ecx=c0000034 edx=77defcd0 esi=80030002 edi=ffffffff
eip=76983b6c esp=0111fa48 ebp=0111fa60 iopl=0         nv up ei ng nz na po nc
cs=001b  ss=0023  ds=0023  es=0023  fs=003b  gs=0000             efl=00000282
coml2!CNtfsStorage::IsNffAppropriate+0x43:
76983b6c 0f89144c0100    jns     coml2!CNtfsStorage::IsNffAppropriate+0x14c5d (76998786) [br=0]
eax=80030002 ebx=0126dbc8 ecx=c0000034 edx=77defcd0 esi=80030002 edi=ffffffff
eip=76983b72 esp=0111fa48 ebp=0111fa60 iopl=0         nv up ei ng nz na po nc
cs=001b  ss=0023  ds=0023  es=0023  fs=003b  gs=0000             efl=00000282
coml2!CNtfsStorage::IsNffAppropriate+0x49:
76983b72 85db            test    ebx,ebx
eax=80030002 ebx=0126dbc8 ecx=c0000034 edx=77defcd0 esi=80030002 edi=ffffffff
eip=76983b74 esp=0111fa48 ebp=0111fa60 iopl=0         nv up ei pl nz na po nc
cs=001b  ss=0023  ds=0023  es=0023  fs=003b  gs=0000             efl=00000202
coml2!CNtfsStorage::IsNffAppropriate+0x4b:
76983b74 7415            je      coml2!CNtfsStorage::IsNffAppropriate+0x62 (76983b8b) [br=0]
eax=80030002 ebx=0126dbc8 ecx=c0000034 edx=77defcd0 esi=80030002 edi=ffffffff
eip=76983b76 esp=0111fa48 ebp=0111fa60 iopl=0         nv up ei pl nz na po nc
cs=001b  ss=0023  ds=0023  es=0023  fs=003b  gs=0000             efl=00000202
coml2!CNtfsStorage::IsNffAppropriate+0x4d:
76983b76 64a130000000    mov     eax,dword ptr fs:[00000030h] fs:003b:00000030=00f58000
eax=00f58000 ebx=0126dbc8 ecx=c0000034 edx=77defcd0 esi=80030002 edi=ffffffff
eip=76983b7c esp=0111fa48 ebp=0111fa60 iopl=0         nv up ei pl nz na po nc
cs=001b  ss=0023  ds=0023  es=0023  fs=003b  gs=0000             efl=00000202
coml2!CNtfsStorage::IsNffAppropriate+0x53:
76983b7c 53              push    ebx
eax=00f58000 ebx=0126dbc8 ecx=c0000034 edx=77defcd0 esi=80030002 edi=ffffffff
eip=76983b7d esp=0111fa44 ebp=0111fa60 iopl=0         nv up ei pl nz na po nc
cs=001b  ss=0023  ds=0023  es=0023  fs=003b  gs=0000             efl=00000202
coml2!CNtfsStorage::IsNffAppropriate+0x54:
76983b7d 6a00            push    0
eax=00f58000 ebx=0126dbc8 ecx=c0000034 edx=77defcd0 esi=80030002 edi=ffffffff
eip=76983b7f esp=0111fa40 ebp=0111fa60 iopl=0         nv up ei pl nz na po nc
cs=001b  ss=0023  ds=0023  es=0023  fs=003b  gs=0000             efl=00000202
coml2!CNtfsStorage::IsNffAppropriate+0x56:
76983b7f ff7018          push    dword ptr [eax+18h]  ds:0023:00f58018=01240000
eax=00f58000 ebx=0126dbc8 ecx=c0000034 edx=77defcd0 esi=80030002 edi=ffffffff
eip=76983b82 esp=0111fa3c ebp=0111fa60 iopl=0         nv up ei pl nz na po nc
cs=001b  ss=0023  ds=0023  es=0023  fs=003b  gs=0000             efl=00000202
coml2!CNtfsStorage::IsNffAppropriate+0x59:
76983b82 ff1578839b76    call    dword ptr [coml2!_imp__RtlFreeHeap (769b8378)] ds:0023:769b8378={ntdll!RtlFreeHeap (77dade70)}
eax=00000001 ebx=0126dbc8 ecx=01240000 edx=01240000 esi=80030002 edi=ffffffff
eip=76983b88 esp=0111fa48 ebp=0111fa60 iopl=0         nv up ei pl zr na pe nc
cs=001b  ss=0023  ds=0023  es=0023  fs=003b  gs=0000             efl=00000246
coml2!CNtfsStorage::IsNffAppropriate+0x5f:
76983b88 8b7dfc          mov     edi,dword ptr [ebp-4] ss:0023:0111fa5c=ffffffff
eax=00000001 ebx=0126dbc8 ecx=01240000 edx=01240000 esi=80030002 edi=ffffffff
eip=76983b8b esp=0111fa48 ebp=0111fa60 iopl=0         nv up ei pl zr na pe nc
cs=001b  ss=0023  ds=0023  es=0023  fs=003b  gs=0000             efl=00000246
coml2!CNtfsStorage::IsNffAppropriate+0x62:
76983b8b 83ffff          cmp     edi,0FFFFFFFFh
eax=00000001 ebx=0126dbc8 ecx=01240000 edx=01240000 esi=80030002 edi=ffffffff
eip=76983b8e esp=0111fa48 ebp=0111fa60 iopl=0         nv up ei pl zr na pe nc
cs=001b  ss=0023  ds=0023  es=0023  fs=003b  gs=0000             efl=00000246
coml2!CNtfsStorage::IsNffAppropriate+0x65:
76983b8e 7510            jne     coml2!CNtfsStorage::IsNffAppropriate+0x77 (76983ba0) [br=0]
eax=00000001 ebx=0126dbc8 ecx=01240000 edx=01240000 esi=80030002 edi=ffffffff
eip=76983b90 esp=0111fa48 ebp=0111fa60 iopl=0         nv up ei pl zr na pe nc
cs=001b  ss=0023  ds=0023  es=0023  fs=003b  gs=0000             efl=00000246
coml2!CNtfsStorage::IsNffAppropriate+0x67:
76983b90 5f              pop     edi
eax=00000001 ebx=0126dbc8 ecx=01240000 edx=01240000 esi=80030002 edi=01266090
eip=76983b91 esp=0111fa4c ebp=0111fa60 iopl=0         nv up ei pl zr na pe nc
cs=001b  ss=0023  ds=0023  es=0023  fs=003b  gs=0000             efl=00000246
coml2!CNtfsStorage::IsNffAppropriate+0x68:
76983b91 5b              pop     ebx
eax=00000001 ebx=00001012 ecx=01240000 edx=01240000 esi=80030002 edi=01266090
eip=76983b92 esp=0111fa50 ebp=0111fa60 iopl=0         nv up ei pl zr na pe nc
cs=001b  ss=0023  ds=0023  es=0023  fs=003b  gs=0000             efl=00000246
coml2!CNtfsStorage::IsNffAppropriate+0x69:
76983b92 8bc6            mov     eax,esi
eax=80030002 ebx=00001012 ecx=01240000 edx=01240000 esi=80030002 edi=01266090
eip=76983b94 esp=0111fa50 ebp=0111fa60 iopl=0         nv up ei pl zr na pe nc
cs=001b  ss=0023  ds=0023  es=0023  fs=003b  gs=0000             efl=00000246
coml2!CNtfsStorage::IsNffAppropriate+0x6b:
76983b94 5e              pop     esi
eax=80030002 ebx=00001012 ecx=01240000 edx=01240000 esi=00000000 edi=01266090
eip=76983b95 esp=0111fa54 ebp=0111fa60 iopl=0         nv up ei pl zr na pe nc
cs=001b  ss=0023  ds=0023  es=0023  fs=003b  gs=0000             efl=00000246
coml2!CNtfsStorage::IsNffAppropriate+0x6c:
76983b95 8be5            mov     esp,ebp
eax=80030002 ebx=00001012 ecx=01240000 edx=01240000 esi=00000000 edi=01266090
eip=76983b97 esp=0111fa60 ebp=0111fa60 iopl=0         nv up ei pl zr na pe nc
cs=001b  ss=0023  ds=0023  es=0023  fs=003b  gs=0000             efl=00000246
coml2!CNtfsStorage::IsNffAppropriate+0x6e:
76983b97 5d              pop     ebp
eax=80030002 ebx=00001012 ecx=01240000 edx=01240000 esi=00000000 edi=01266090
eip=76983b98 esp=0111fa64 ebp=0111fa90 iopl=0         nv up ei pl zr na pe nc
cs=001b  ss=0023  ds=0023  es=0023  fs=003b  gs=0000             efl=00000246
coml2!CNtfsStorage::IsNffAppropriate+0x6f:
76983b98 c3              ret
eax=80030002 ebx=00001012 ecx=01240000 edx=01240000 esi=00000000 edi=01266090
eip=769843e3 esp=0111fa68 ebp=0111fa90 iopl=0         nv up ei pl zr na pe nc
cs=001b  ss=0023  ds=0023  es=0023  fs=003b  gs=0000             efl=00000246
coml2!DfCreateDocfile+0x19e:
769843e3 85c0            test    eax,eax
